TN:
SF:src\config\config.js
FN:103,(anonymous_0)
FNF:1
FNH:0
FNDA:0,(anonymous_0)
DA:1,4
DA:2,4
DA:3,4
DA:5,4
DA:81,4
DA:82,4
DA:83,4
DA:86,4
DA:87,0
DA:89,0
DA:90,0
DA:93,0
DA:94,0
DA:97,0
DA:98,0
DA:101,0
DA:102,0
DA:103,0
DA:107,0
DA:108,0
DA:109,0
DA:111,0
DA:116,4
LF:23
LH:9
BRDA:11,0,0,4
BRDA:11,0,1,0
BRDA:12,1,0,4
BRDA:12,1,1,0
BRDA:17,2,0,4
BRDA:17,2,1,0
BRDA:18,3,0,4
BRDA:18,3,1,0
BRDA:23,4,0,4
BRDA:23,4,1,0
BRDA:24,5,0,4
BRDA:24,5,1,0
BRDA:25,6,0,4
BRDA:25,6,1,0
BRDA:30,7,0,4
BRDA:30,7,1,4
BRDA:31,8,0,4
BRDA:31,8,1,4
BRDA:32,9,0,4
BRDA:32,9,1,4
BRDA:33,10,0,4
BRDA:33,10,1,4
BRDA:38,11,0,4
BRDA:38,11,1,0
BRDA:39,12,0,4
BRDA:39,12,1,0
BRDA:40,13,0,4
BRDA:40,13,1,0
BRDA:45,14,0,4
BRDA:45,14,1,0
BRDA:46,15,0,4
BRDA:46,15,1,0
BRDA:51,16,0,4
BRDA:51,16,1,0
BRDA:52,17,0,4
BRDA:52,17,1,0
BRDA:86,18,0,0
BRDA:86,18,1,4
BRDA:89,19,0,0
BRDA:89,19,1,0
BRDA:93,20,0,0
BRDA:93,20,1,0
BRDA:93,21,0,0
BRDA:93,21,1,0
BRDA:93,21,2,0
BRDA:97,22,0,0
BRDA:97,22,1,0
BRDA:97,23,0,0
BRDA:97,23,1,0
BRDA:97,23,2,0
BRDA:101,24,0,0
BRDA:101,24,1,0
BRDA:108,25,0,0
BRDA:108,25,1,0
BRF:54
BRH:23
end_of_record
TN:
SF:src\config\database.js
FNF:0
FNH:0
DA:1,4
DA:3,4
LF:2
LH:2
BRDA:4,0,0,4
BRDA:4,0,1,0
BRF:2
BRH:1
end_of_record
TN:
SF:src\config\jwt.js
FN:14,(anonymous_0)
FN:38,(anonymous_1)
FNF:2
FNH:0
FNDA:0,(anonymous_0)
FNDA:0,(anonymous_1)
DA:1,3
DA:4,3
DA:15,0
DA:16,0
DA:22,0
DA:23,0
DA:24,0
DA:31,0
DA:33,0
DA:34,0
DA:35,0
DA:39,0
DA:40,0
DA:46,0
DA:47,0
DA:48,0
DA:52,3
LF:17
LH:3
BRDA:38,0,0,0
BRF:1
BRH:0
end_of_record
TN:
SF:src\config\validator.js
FN:98,validateConfig
FN:105,(anonymous_1)
FNF:2
FNH:2
FNDA:6,validateConfig
FNDA:1,(anonymous_1)
DA:1,4
DA:4,4
DA:13,4
DA:24,4
DA:36,4
DA:63,4
DA:73,4
DA:83,4
DA:92,4
DA:99,6
DA:104,6
DA:105,1
DA:110,1
DA:113,5
DA:116,4
LF:15
LH:15
BRDA:104,0,0,1
BRDA:104,0,1,5
BRF:2
BRH:2
end_of_record
TN:
SF:src\controllers\authController.js
FN:12,(anonymous_0)
FN:62,(anonymous_1)
FN:102,(anonymous_2)
FN:125,(anonymous_3)
FN:149,(anonymous_4)
FN:175,(anonymous_5)
FN:201,(anonymous_6)
FN:256,(anonymous_7)
FNF:8
FNH:4
FNDA:6,(anonymous_0)
FNDA:6,(anonymous_1)
FNDA:4,(anonymous_2)
FNDA:0,(anonymous_3)
FNDA:0,(anonymous_4)
FNDA:0,(anonymous_5)
FNDA:0,(anonymous_6)
FNDA:6,(anonymous_7)
DA:1,2
DA:2,2
DA:3,2
DA:4,2
DA:13,6
DA:14,6
DA:15,6
DA:16,2
DA:19,4
DA:20,4
DA:26,4
DA:29,2
DA:30,2
DA:37,2
DA:44,2
DA:53,4
DA:63,6
DA:64,6
DA:65,6
DA:66,2
DA:69,4
DA:75,4
DA:78,2
DA:79,2
DA:85,2
DA:93,4
DA:103,4
DA:104,4
DA:105,4
DA:106,2
DA:109,4
DA:111,4
DA:116,0
DA:126,0
DA:127,0
DA:128,0
DA:129,0
DA:132,0
DA:133,0
DA:135,0
DA:140,0
DA:150,0
DA:151,0
DA:152,0
DA:154,0
DA:155,0
DA:156,0
DA:159,0
DA:161,0
DA:166,0
DA:176,0
DA:177,0
DA:178,0
DA:179,0
DA:182,0
DA:183,0
DA:185,0
DA:188,0
DA:190,0
DA:192,0
DA:197,0
DA:202,0
DA:204,0
DA:205,0
DA:209,0
DA:210,0
DA:211,0
DA:214,0
DA:217,0
DA:218,0
DA:219,0
DA:223,0
DA:224,0
DA:228,0
DA:231,0
DA:234,0
DA:242,0
DA:247,0
DA:257,6
DA:258,6
DA:261,2
DA:262,2
DA:263,2
DA:269,2
DA:278,4
DA:283,2
LF:86
LH:40
BRDA:15,0,0,2
BRDA:15,0,1,4
BRDA:65,1,0,2
BRDA:65,1,1,4
BRDA:105,2,0,2
BRDA:105,2,1,2
BRDA:128,3,0,0
BRDA:128,3,1,0
BRDA:155,4,0,0
BRDA:155,4,1,0
BRDA:178,5,0,0
BRDA:178,5,1,0
BRDA:204,6,0,0
BRDA:204,6,1,0
BRDA:210,7,0,0
BRDA:210,7,1,0
BRDA:218,8,0,0
BRDA:218,8,1,0
BRDA:223,9,0,0
BRDA:223,9,1,0
BRDA:223,10,0,0
BRDA:223,10,1,0
BRDA:223,10,2,0
BRF:23
BRH:6
end_of_record
TN:
SF:src\models\User.js
FN:222,(anonymous_0)
FN:228,(anonymous_1)
FN:233,(anonymous_2)
FN:240,(anonymous_3)
FN:246,(anonymous_4)
FN:252,(anonymous_5)
FN:257,(anonymous_6)
FN:265,(anonymous_7)
FNF:8
FNH:0
FNDA:0,(anonymous_0)
FNDA:0,(anonymous_1)
FNDA:0,(anonymous_2)
FNDA:0,(anonymous_3)
FNDA:0,(anonymous_4)
FNDA:0,(anonymous_5)
FNDA:0,(anonymous_6)
FNDA:0,(anonymous_7)
DA:1,3
DA:2,3
DA:77,3
DA:214,3
DA:215,3
DA:216,3
DA:217,3
DA:218,3
DA:219,3
DA:222,3
DA:223,0
DA:224,0
DA:228,3
DA:229,0
DA:230,0
DA:233,3
DA:234,0
DA:235,0
DA:236,0
DA:237,0
DA:240,3
DA:241,0
DA:242,0
DA:243,0
DA:246,3
DA:247,0
DA:248,0
DA:249,0
DA:252,3
DA:253,0
DA:254,0
DA:257,3
DA:258,0
DA:259,0
DA:260,0
DA:262,0
DA:265,3
DA:266,0
DA:267,0
DA:268,0
DA:270,0
DA:272,0
DA:273,0
DA:276,3
LF:44
LH:18
BRDA:240,0,0,0
BRDA:241,1,0,0
BRDA:241,1,1,0
BRDA:246,2,0,0
BRDA:247,3,0,0
BRDA:247,3,1,0
BRDA:253,4,0,0
BRDA:253,4,1,0
BRDA:259,5,0,0
BRDA:259,5,1,0
BRDA:266,6,0,0
BRDA:266,6,1,0
BRDA:267,7,0,0
BRDA:267,7,1,0
BRF:14
BRH:0
end_of_record
TN:
SF:src\services\authService.js
FN:6,(anonymous_0)
FN:34,(anonymous_1)
FN:59,(anonymous_2)
FN:84,(anonymous_3)
FN:109,(anonymous_4)
FN:122,(anonymous_5)
FN:129,(anonymous_6)
FN:135,(anonymous_7)
FN:170,(anonymous_8)
FN:175,(anonymous_9)
FN:189,(anonymous_10)
FN:212,(anonymous_11)
FN:228,(anonymous_12)
FNF:13
FNH:13
FNDA:2,(anonymous_0)
FNDA:3,(anonymous_1)
FNDA:7,(anonymous_2)
FNDA:7,(anonymous_3)
FNDA:7,(anonymous_4)
FNDA:3,(anonymous_5)
FNDA:3,(anonymous_6)
FNDA:2,(anonymous_7)
FNDA:2,(anonymous_8)
FNDA:9,(anonymous_9)
FNDA:3,(anonymous_10)
FNDA:4,(anonymous_11)
FNDA:2,(anonymous_12)
DA:1,3
DA:2,3
DA:3,3
DA:7,2
DA:8,2
DA:9,1
DA:10,1
DA:13,0
DA:14,0
DA:20,0
DA:21,0
DA:22,0
DA:24,0
DA:30,2
DA:35,3
DA:36,3
DA:37,3
DA:38,1
DA:41,2
DA:42,2
DA:43,1
DA:46,1
DA:47,1
DA:49,1
DA:55,2
DA:60,7
DA:61,7
DA:62,3
DA:63,3
DA:64,1
DA:67,2
DA:68,2
DA:69,2
DA:70,1
DA:72,1
DA:75,6
DA:78,2
DA:80,4
DA:85,7
DA:86,7
DA:92,7
DA:93,7
DA:95,7
DA:97,3
DA:102,4
DA:103,4
DA:105,0
DA:110,7
DA:111,3
DA:123,3
DA:130,3
DA:136,2
DA:137,2
DA:140,2
DA:141,1
DA:144,1
DA:152,1
DA:165,1
DA:166,1
DA:171,2
DA:172,2
DA:176,9
DA:177,9
DA:190,3
DA:191,3
DA:192,2
DA:193,1
DA:198,1
DA:203,1
DA:208,1
DA:213,4
DA:214,4
DA:215,3
DA:216,3
DA:217,1
DA:219,2
DA:220,1
DA:221,1
DA:222,0
DA:224,4
DA:229,2
DA:230,2
DA:231,0
DA:233,2
DA:234,2
DA:235,1
DA:237,1
DA:238,1
DA:239,1
DA:243,3
LF:90
LH:81
BRDA:9,0,0,1
BRDA:9,0,1,0
BRDA:34,1,0,3
BRDA:37,2,0,1
BRDA:37,2,1,2
BRDA:42,3,0,1
BRDA:42,3,1,1
BRDA:59,4,0,7
BRDA:63,5,0,1
BRDA:63,5,1,2
BRDA:75,6,0,2
BRDA:75,6,1,4
BRDA:75,7,0,6
BRDA:75,7,1,5
BRDA:75,7,2,5
BRDA:84,8,0,3
BRDA:102,9,0,4
BRDA:102,9,1,0
BRDA:140,10,0,1
BRDA:140,10,1,1
BRDA:158,11,0,1
BRDA:158,11,1,1
BRDA:159,12,0,1
BRDA:159,12,1,1
BRDA:160,13,0,0
BRDA:160,13,1,1
BRDA:192,14,0,1
BRDA:192,14,1,1
BRDA:216,15,0,1
BRDA:216,15,1,2
BRDA:230,16,0,0
BRDA:230,16,1,2
BRDA:234,17,0,1
BRDA:234,17,1,1
BRF:34
BRH:30
end_of_record
